<?xml version="1.0" encoding="UTF-8"?>
<!-- Generated by org.testng.reporters.JUnitReportReporter -->
<testsuite hostname="ASUS-PC" failures="0" tests="6" name="com.hrs.qa.testcases.LoginPageTest" time="127.935" errors="0" timestamp="2021-04-12T17:59:14 IST" skipped="0">
  <testcase classname="com.hrs.qa.testcases.LoginPageTest" name="loginPageTitleTest" time="20.132"/>
  <system-out/>
  <testcase classname="com.hrs.qa.testcases.LoginPageTest" name="InvalidLoginTest" time="16.804"/>
  <system-out/>
  <testcase classname="com.hrs.qa.testcases.LoginPageTest" name="HRSLogoImageTest" time="11.168"/>
  <system-out/>
  <testcase classname="com.hrs.qa.testcases.LoginPageTest" name="ShowHidePasswordButtonTest" time="14.226"/>
  <system-out/>
  <testcase classname="com.hrs.qa.testcases.LoginPageTest" name="ForgotPasswordLinkTest" time="12.014"/>
  <system-out/>
  <testcase classname="com.hrs.qa.testcases.LoginPageTest" name="HealthRecoverySolutionLinkTest" time="53.591"/>
  <system-out/>
</testsuite> <!-- com.hrs.qa.testcases.LoginPageTest -->
