<?xml version="1.0" encoding="UTF-8"?>
<!-- Generated by org.testng.reporters.JUnitReportReporter -->
<testsuite hostname="ASUS-PC" failures="0" tests="6" name="com.hrs.qa.testcases.LoginPageTest" time="92.407" errors="0" timestamp="2021-04-11T23:26:32 IST" skipped="0">
  <testcase classname="com.hrs.qa.testcases.LoginPageTest" name="loginPageTitleTest" time="14.694"/>
  <system-out/>
  <testcase classname="com.hrs.qa.testcases.LoginPageTest" name="InvalidLoginTest" time="13.120"/>
  <system-out/>
  <testcase classname="com.hrs.qa.testcases.LoginPageTest" name="HRSLogoImageTest" time="10.529"/>
  <system-out/>
  <testcase classname="com.hrs.qa.testcases.LoginPageTest" name="ShowHidePasswordButtonTest" time="13.328"/>
  <system-out/>
  <testcase classname="com.hrs.qa.testcases.LoginPageTest" name="ForgotPasswordLinkTest" time="14.523"/>
  <system-out/>
  <testcase classname="com.hrs.qa.testcases.LoginPageTest" name="HealthRecoverySolutionLinkTest" time="26.213"/>
  <system-out/>
</testsuite> <!-- com.hrs.qa.testcases.LoginPageTest -->
